<?xml version="1.0" encoding="UTF-8"?>
<testng-results skipped="0" failed="0" total="1" passed="1">
  <reporter-output>
  </reporter-output>
  <suite name="Default suite" duration-ms="43299" started-at="2016-09-06T11:40:29Z" finished-at="2016-09-06T11:41:12Z">
    <groups>
    </groups>
    <test name="Default test" duration-ms="43299" started-at="2016-09-06T11:40:29Z" finished-at="2016-09-06T11:41:12Z">
      <class name="helloWorld.PickDate">
        <test-method status="PASS" signature="start()[pri:0, instance:helloWorld.PickDate@39f31e]" name="start" is-config="true" duration-ms="12063" started-at="2016-09-06T17:10:29Z" finished-at="2016-09-06T17:10:41Z">
          <reporter-output>
          </reporter-output>
        </test-method> <!-- start -->
        <test-method status="PASS" signature="pickExpDate()[pri:0, instance:helloWorld.PickDate@39f31e]" name="pickExpDate" duration-ms="31220" started-at="2016-09-06T17:10:41Z" finished-at="2016-09-06T17:11:12Z">
          <reporter-output>
          </reporter-output>
        </test-method> <!-- pickExpDate -->
      </class> <!-- helloWorld.PickDate -->
    </test> <!-- Default test -->
  </suite> <!-- Default suite -->
</testng-results>
